<?xml version="1.0" encoding="UTF-8"?>
<!-- Generated by org.testng.reporters.JUnitXMLReporter -->
<testsuite hostname="SAALAGES-MPUEB" ignored="0" name="QA Tech Challenge Test Cases" tests="5" failures="1" timestamp="20 Aug 2018 23:47:57 GMT" time="105.303" errors="0">
  <testcase name="searchPageTest" time="6.322" classname="com.qa.tech.testscripts.HomePageTest"/>
  <testcase name="teamPageDataTabTest" time="2.691" classname="com.qa.tech.testscripts.TeamPageTest"/>
  <testcase name="teamPageTitleUrlTest" time="0.024" classname="com.qa.tech.testscripts.TeamPageTest"/>
  <testcase name="clickOnTeamLinkTest" time="9.559" classname="com.qa.tech.testscripts.HomePageTest"/>
  <testcase name="teamPageAllTabTest" time="16.828" classname="com.qa.tech.testscripts.TeamPageTest">
    <failure type="java.lang.AssertionError" message="Tab does not match with unique department tabs">
      <![CDATA[java.lang.AssertionError: Tab does not match with unique department tabs
at com.qa.tech.testpages.TeamPage.validate_DepartmentsCount(TeamPage.java:167)
at com.qa.tech.testscripts.TeamPageTest.teamPageAllTabTest(TeamPageTest.java:43)
... Removed 26 stack frames]]>
    </failure>
  </testcase> <!-- teamPageAllTabTest -->
</testsuite> <!-- QA Tech Challenge Test Cases -->
