<?xml version="1.0" encoding="UTF-8"?>
<!-- Generated by org.testng.reporters.JUnitXMLReporter -->
<testsuite hostname="SAALAGES-MPUEB" ignored="0" name="QA Tech Challenge Automation Test Cases" tests="5" failures="0" timestamp="21 Aug 2018 10:28:49 GMT" time="56.621" errors="0">
  <testcase name="searchNavigateToHomePageTest" time="4.298" classname="com.qa.tech.testscripts.HomePageTest"/>
  <testcase name="teamPageTitleUrlTest" time="0.041" classname="com.qa.tech.testscripts.TeamPageTest"/>
  <testcase name="signUpPageTest" time="4.048" classname="com.qa.tech.testscripts.SignUpPageTest"/>
  <testcase name="signUpPageTest" time="4.289" classname="com.qa.tech.testscripts.RequestDemoPageTest"/>
  <testcase name="clickOnTeamLinkTest" time="4.884" classname="com.qa.tech.testscripts.HomePageTest"/>
</testsuite> <!-- QA Tech Challenge Automation Test Cases -->
