<?xml version="1.0" encoding="UTF-8"?>
<!-- Generated by org.testng.reporters.JUnitXMLReporter -->
<testsuite hostname="SAALAGES-MPUEB" ignored="0" name="QA Tech Challenge Automation Test Cases" tests="3" failures="0" timestamp="21 Aug 2018 05:37:51 GMT" time="60.072" errors="0">
  <testcase name="searchNavigatePageTest" time="6.901" classname="com.qa.tech.testscripts.HomePageTest"/>
  <testcase name="clickOnTeamLinkTest" time="8.905" classname="com.qa.tech.testscripts.HomePageTest"/>
  <testcase name="teamPageEmpSocialAccount_clickEventTest" time="10.684" classname="com.qa.tech.testscripts.TeamPageTest"/>
</testsuite> <!-- QA Tech Challenge Automation Test Cases -->
